2024-06-14 00:03:55,972 INFO ServerLogger [main] Получен запрос Request: command= lt.shgg.commands.Add@7a1a14a4user=lt.shgg.data.User@6050, ticket= Ticket{id=2, name='ЯЛКВМОМ', coordinates=Coordinates{x=145.0, y=32}, creationDate=2024-06-14, price=3333, type=CHEAP, venue=Venue{id=1, name='rgn', capacity=3434, address=Address{street='ljiitbg'}}, author=а}, args= null
2024-06-14 00:03:56,025 INFO ServerLogger [main] Отправлен ответ элемент
Ticket{id=18, name='ЯЛКВМОМ', coordinates=Coordinates{x=145.0, y=32}, creationDate=2024-06-14, price=3333, type=CHEAP, venue=Venue{id=1, name='rgn', capacity=3434, address=Address{street='ljiitbg'}}, author=а}
добавлен успешно
2024-06-14 00:08:29,645 INFO ServerLogger [main] Получен запрос Request: command= lt.shgg.commands.AddIfMax@22f31decuser=lt.shgg.data.User@6050, ticket= Ticket{id=2, name='амутмумум', coordinates=Coordinates{x=133.0, y=200}, creationDate=2024-06-14, price=999999, type=CHEAP, venue=null, author=а}, args= null
2024-06-14 00:08:29,695 INFO ServerLogger [main] Отправлен ответ Не удалось выполнить команду
2024-06-14 00:09:59,554 INFO ServerLogger [main] Получен запрос Request: command= lt.shgg.commands.Add@c94fd30user=lt.shgg.data.User@6050, ticket= Ticket{id=4, name='амутмумум', coordinates=Coordinates{x=133.0, y=200}, creationDate=2024-06-14, price=999999, type=CHEAP, venue=null, author=а}, args= null
2024-06-14 00:09:59,606 INFO ServerLogger [main] Отправлен ответ элемент
Ticket{id=19, name='амутмумум', coordinates=Coordinates{x=133.0, y=200}, creationDate=2024-06-14, price=999999, type=CHEAP, venue=null, author=а}
добавлен успешно
2024-06-14 00:10:06,857 INFO ServerLogger [main] Получен запрос Request: command= lt.shgg.commands.Add@2c4d1acuser=lt.shgg.data.User@6050, ticket= Ticket{id=6, name='амутмумум', coordinates=Coordinates{x=133.0, y=200}, creationDate=2024-06-14, price=999, type=CHEAP, venue=null, author=а}, args= null
2024-06-14 00:10:06,910 INFO ServerLogger [main] Отправлен ответ элемент
Ticket{id=20, name='амутмумум', coordinates=Coordinates{x=133.0, y=200}, creationDate=2024-06-14, price=999, type=CHEAP, venue=null, author=а}
добавлен успешно
2024-06-14 00:10:28,899 INFO ServerLogger [main] Получен запрос Request: command= lt.shgg.commands.AddIfMax@545b995euser=lt.shgg.data.User@6050, ticket= Ticket{id=8, name='амутмумум', coordinates=Coordinates{x=133.0, y=200}, creationDate=2024-06-14, price=999, type=CHEAP, venue=null, author=а}, args= null
2024-06-14 00:10:28,939 INFO ServerLogger [main] Отправлен ответ Не удалось выполнить команду
2024-06-14 00:10:58,211 INFO ServerLogger [main] Получен запрос Request: command= lt.shgg.commands.AddIfMax@524f3b3auser=lt.shgg.data.User@6050, ticket= Ticket{id=10, name='eeeeee', coordinates=Coordinates{x=133.0, y=200}, creationDate=2024-06-14, price=999, type=CHEAP, venue=null, author=а}, args= null
2024-06-14 00:10:58,251 INFO ServerLogger [main] Отправлен ответ Не удалось выполнить команду
2024-06-14 00:11:10,976 INFO ServerLogger [main] Получен запрос Request: command= lt.shgg.commands.Add@49ff7d8cuser=lt.shgg.data.User@6050, ticket= Ticket{id=12, name='eeeeee', coordinates=Coordinates{x=343.0, y=20}, creationDate=2024-06-14, price=999, type=CHEAP, venue=null, author=а}, args= null
2024-06-14 00:11:11,024 INFO ServerLogger [main] Отправлен ответ элемент
Ticket{id=21, name='eeeeee', coordinates=Coordinates{x=343.0, y=20}, creationDate=2024-06-14, price=999, type=CHEAP, venue=null, author=а}
добавлен успешно
2024-06-14 00:14:24,082 INFO ServerLogger [main] Получен запрос Request: command= lt.shgg.commands.AddIfMax@77102b91user=lt.shgg.data.User@6050, ticket= Ticket{id=2, name='фыапваввпва', coordinates=Coordinates{x=2323.0, y=23}, creationDate=2024-06-14, price=78, type=CHEAP, venue=null, author=а}, args= null
2024-06-14 00:14:24,125 INFO ServerLogger [main] Отправлен ответ Не удалось выполнить команду
2024-06-14 00:14:40,207 INFO ServerLogger [main] Добро пожаловать на сервер шизофрения
2024-06-14 00:14:43,618 INFO ServerLogger [main] Получен запрос Request: command= lt.shgg.commands.AddIfMax@27216cduser=lt.shgg.data.User@6050, ticket= Ticket{id=4, name='фыапваввпва', coordinates=Coordinates{x=2323.0, y=23}, creationDate=2024-06-14, price=78, type=CHEAP, venue=null, author=а}, args= null
2024-06-14 00:14:43,682 INFO ServerLogger [main] Отправлен ответ Не удалось выполнить команду
2024-06-14 00:15:29,743 INFO ServerLogger [main] Добро пожаловать на сервер шизофрения
2024-06-14 00:15:49,568 INFO ServerLogger [main] Получен запрос Request: command= lt.shgg.commands.AddIfMax@6c2c1385user=lt.shgg.data.User@6050, ticket= Ticket{id=6, name='МАМА Я ЛЮБЛЮ КОКАИН', coordinates=Coordinates{x=2323.0, y=23}, creationDate=2024-06-14, price=78, type=USUAL, venue=null, author=а}, args= null
2024-06-14 00:15:49,663 INFO ServerLogger [main] Отправлен ответ Не удалось выполнить команду
2024-06-14 00:17:43,211 INFO ServerLogger [main] Добро пожаловать на сервер шизофрения
2024-06-14 00:17:46,240 INFO ServerLogger [main] Получен запрос Request: command= lt.shgg.commands.AddIfMax@27216cduser=lt.shgg.data.User@6050, ticket= Ticket{id=8, name='МАМА Я ЛЮБЛЮ КОКАИН', coordinates=Coordinates{x=2323.0, y=23}, creationDate=2024-06-14, price=78, type=USUAL, venue=null, author=а}, args= null
2024-06-14 00:17:46,296 INFO ServerLogger [main] Отправлен ответ Элемент не добавлен в коллекцию он не такой уж и большой 
2024-06-14 00:17:56,365 INFO ServerLogger [main] Получен запрос Request: command= lt.shgg.commands.AddIfMax@3abada5auser=lt.shgg.data.User@6050, ticket= Ticket{id=10, name='МАМА Я ЛЮБЛЮ КОКАИН', coordinates=Coordinates{x=999999.0, y=23}, creationDate=2024-06-14, price=78, type=USUAL, venue=null, author=а}, args= null
2024-06-14 00:17:56,406 INFO ServerLogger [main] Отправлен ответ Элемент не добавлен в коллекцию он не такой уж и большой 
2024-06-14 00:18:05,522 INFO ServerLogger [main] Получен запрос Request: command= lt.shgg.commands.AddIfMax@61fe30user=lt.shgg.data.User@6050, ticket= Ticket{id=12, name='МАМА Я ЛЮБЛЮ КОКАИН', coordinates=Coordinates{x=9999991.0, y=23}, creationDate=2024-06-14, price=78, type=USUAL, venue=null, author=а}, args= null
2024-06-14 00:18:05,563 INFO ServerLogger [main] Отправлен ответ Элемент не добавлен в коллекцию он не такой уж и большой 
2024-06-14 00:18:31,608 INFO ServerLogger [main] Получен запрос Request: command= lt.shgg.commands.AddIfMax@6ccdb29fuser=lt.shgg.data.User@6050, ticket= Ticket{id=14, name='МАМА Я ЛЮБЛЮ КОКАИН', coordinates=Coordinates{x=1.11111111E11, y=23}, creationDate=2024-06-14, price=78, type=USUAL, venue=null, author=а}, args= null
2024-06-14 00:18:31,650 INFO ServerLogger [main] Отправлен ответ Элемент не добавлен в коллекцию он не такой уж и большой 
2024-06-14 00:18:42,678 INFO ServerLogger [main] Получен запрос Request: command= lt.shgg.commands.AddIfMax@35432107user=lt.shgg.data.User@6050, ticket= Ticket{id=16, name='МАМА Я ЛЮБЛЮ КОКАИН', coordinates=Coordinates{x=1.0E19, y=23}, creationDate=2024-06-14, price=78, type=USUAL, venue=null, author=а}, args= null
2024-06-14 00:18:42,718 INFO ServerLogger [main] Отправлен ответ Элемент не добавлен в коллекцию он не такой уж и большой 
2024-06-14 00:19:06,305 INFO ServerLogger [main] Получен запрос Request: command= lt.shgg.commands.AddIfMax@7a1a14a4user=lt.shgg.data.User@6050, ticket= Ticket{id=16, name='МАМА Я ЛЮБЛЮ КОКАИН', coordinates=Coordinates{x=1.0E19, y=23}, creationDate=2024-06-14, price=78, type=USUAL, venue=null, author=а}, args= null
2024-06-14 00:19:06,347 INFO ServerLogger [main] Отправлен ответ Элемент не добавлен в коллекцию он не такой уж и большой 
2024-06-14 00:19:40,520 INFO ServerLogger [main] Получен запрос Request: command= lt.shgg.commands.AddIfMax@a3d9978user=lt.shgg.data.User@6050, ticket= Ticket{id=20, name='КОКАИН', coordinates=Coordinates{x=194.0, y=123}, creationDate=2024-06-14, price=1999999, type=USUAL, venue=null, author=а}, args= null
2024-06-14 00:19:40,615 INFO ServerLogger [main] Отправлен ответ  коллекцию добавлен элемент: Ticket{id=22, name='КОКАИН', coordinates=Coordinates{x=194.0, y=123}, creationDate=2024-06-14, price=1999999, type=USUAL, venue=null, author=а}
2024-06-14 00:39:56,777 INFO ServerLogger [main] Добро пожаловать на сервер шизофрения
2024-06-14 00:40:00,162 INFO ServerLogger [main] Получен запрос Request: command= lt.shgg.commands.Help@6c2c1385user=lt.shgg.data.User@97d643b3, ticket= null, args= null
2024-06-14 00:40:00,171 INFO ServerLogger [main] Отправлен ответ вот список доступных вам команд: help - справка по доступным командам
info - выводит информацию о коллекции
show - выводит все элементы коллекции
add - добавляет элемент в коллекцию
print_descending - выводит все элементы коллекции в порядке убывания
filter_by_type type - выводит все элементы коллекции типа type
count_greater_than_type type - выводит количество элементов коллекции, значение поля type которых больше заданного
clear - удаляет все элементы из коллекции
remove_by_id id - удаляет из коллекции элемент с айди id
remove_greater {element} - удаляет из коллекции все элементы, меньшие, чем заданный
remove_lower {element} - удаляет из коллекции все элементы, большие, чем заданный
add_if_max {element} - добавляет элемент в коллекцию, если он превышает максимальный
update id {element} - обновляет поля элемента по его id
exit - завершает работу приложения
execute_script filename - выполняет команды из файла filename

2024-06-14 00:48:08,476 INFO ServerLogger [main] Добро пожаловать на сервер шизофрения
2024-06-14 00:48:12,603 INFO ServerLogger [main] Получен запрос Request: command= lt.shgg.commands.Add@31ff43beuser=lt.shgg.data.User@6050, ticket= Ticket{id=2, name='tester of shit', coordinates=Coordinates{x=9173.0, y=149}, creationDate=2024-06-14, price=284, type=USUAL, venue=null, author=а}, args= null
2024-06-14 00:48:12,744 INFO ServerLogger [main] Отправлен ответ элемент
Ticket{id=23, name='tester of shit', coordinates=Coordinates{x=9173.0, y=149}, creationDate=2024-06-14, price=284, type=USUAL, venue=null, author=а}
добавлен успешно
2024-06-14 00:50:21,896 INFO ServerLogger [main] Добро пожаловать на сервер шизофрения
2024-06-14 00:50:26,216 INFO ServerLogger [main] Получен запрос Request: command= lt.shgg.commands.Clear@558bdf1fuser=lt.shgg.data.User@6050, ticket= null, args= null
2024-06-14 00:50:26,374 INFO ServerLogger [main] Отправлен ответ Коллекция успешно очищена
2024-06-14 00:50:50,394 INFO ServerLogger [main] Получен запрос Request: command= lt.shgg.commands.Clear@1fc32e4fuser=lt.shgg.data.User@6050, ticket= null, args= null
2024-06-14 00:50:50,485 INFO ServerLogger [main] Отправлен ответ Коллекция успешно очищена
2024-06-14 00:51:30,714 INFO ServerLogger [main] Добро пожаловать на сервер шизофрения
2024-06-14 00:51:31,615 INFO ServerLogger [main] Получен запрос Request: command= lt.shgg.commands.Clear@5f354bcfuser=lt.shgg.data.User@6050, ticket= null, args= null
2024-06-14 00:51:31,729 INFO ServerLogger [main] Отправлен ответ Коллекция успешно очищена
2024-06-14 00:52:03,413 INFO ServerLogger [main] Добро пожаловать на сервер шизофрения
2024-06-14 00:52:57,894 INFO ServerLogger [main] Получен запрос Request: command= lt.shgg.commands.Clear@3daf7722user=lt.shgg.data.User@6050, ticket= null, args= null
2024-06-14 00:52:58,041 INFO ServerLogger [main] Отправлен ответ Коллекция успешно очищена
2024-06-14 00:54:29,445 INFO ServerLogger [main] Добро пожаловать на сервер шизофрения
2024-06-14 00:55:16,189 INFO ServerLogger [main] Получен запрос Request: command= lt.shgg.commands.RemoveGreater@67545b57user=lt.shgg.data.User@97d643b3, ticket= Ticket{id=2, name='1', coordinates=Coordinates{x=1.0, y=1}, creationDate=2024-06-14, price=5, type=BUDGETARY, venue=null, author=gerunia}, args= null
2024-06-14 00:55:16,321 INFO ServerLogger [main] Отправлен ответ элементы удалены
2024-06-14 00:55:54,788 INFO ServerLogger [main] Получен запрос Request: command= lt.shgg.commands.Add@6ccdb29fuser=lt.shgg.data.User@97d643b3, ticket= Ticket{id=4, name='1', coordinates=Coordinates{x=1.0, y=1}, creationDate=2024-06-14, price=5, type=BUDGETARY, venue=null, author=gerunia}, args= null
2024-06-14 00:55:54,927 INFO ServerLogger [main] Отправлен ответ элемент
Ticket{id=24, name='1', coordinates=Coordinates{x=1.0, y=1}, creationDate=2024-06-14, price=5, type=BUDGETARY, venue=null, author=gerunia}
добавлен успешно
2024-06-14 00:56:06,347 INFO ServerLogger [main] Получен запрос Request: command= lt.shgg.commands.RemoveGreater@35432107user=lt.shgg.data.User@97d643b3, ticket= Ticket{id=6, name='1', coordinates=Coordinates{x=1.0, y=1}, creationDate=2024-06-14, price=5, type=BUDGETARY, venue=null, author=gerunia}, args= null
2024-06-14 00:56:06,438 INFO ServerLogger [main] Отправлен ответ коллекция не изменилась
2024-06-14 00:59:27,596 INFO ServerLogger [main] Добро пожаловать на сервер шизофрения
2024-06-14 00:59:57,686 INFO ServerLogger [main] Получен запрос Request: command= lt.shgg.commands.RemoveGreater@401f7633user=lt.shgg.data.User@97d643b3, ticket= Ticket{id=8, name='1', coordinates=Coordinates{x=1.0, y=1}, creationDate=2024-06-14, price=5, type=BUDGETARY, venue=null, author=gerunia}, args= null
2024-06-14 00:59:57,832 INFO ServerLogger [main] Отправлен ответ элементы удалены
2024-06-14 01:00:46,818 INFO ServerLogger [main] Добро пожаловать на сервер шизофрения
2024-06-14 01:01:13,357 INFO ServerLogger [main] Получен запрос Request: command= lt.shgg.commands.RemoveGreater@6cc558c6user=lt.shgg.data.User@97d643b3, ticket= Ticket{id=10, name='1', coordinates=Coordinates{x=1.0, y=1}, creationDate=2024-06-14, price=5, type=BUDGETARY, venue=null, author=gerunia}, args= null
2024-06-14 01:01:13,472 INFO ServerLogger [main] Отправлен ответ элементы удалены
2024-06-14 01:02:40,417 INFO ServerLogger [main] Получен запрос Request: command= lt.shgg.commands.RemoveLower@1800a575user=lt.shgg.data.User@97d643b3, ticket= Ticket{id=2, name='3', coordinates=Coordinates{x=3.0, y=3}, creationDate=2024-06-14, price=5, type=BUDGETARY, venue=null, author=gerunia}, args= null
2024-06-14 01:02:40,552 INFO ServerLogger [main] Отправлен ответ элементы удалены
2024-06-14 02:58:39,795 INFO ServerLogger [main] Получен запрос Request: command= lt.shgg.commands.Add@130e116buser=lt.shgg.data.User@97d643b3, ticket= Ticket{id=2, name='pusyboy', coordinates=Coordinates{x=59.0, y=22}, creationDate=2024-06-14, price=444, type=BUDGETARY, venue=Venue{id=1, name='rnghikdhju', capacity=762, address=null}, author=gerunia}, args= null
2024-06-14 02:58:39,847 INFO ServerLogger [main] Отправлен ответ элемент
Ticket{id=25, name='pusyboy', coordinates=Coordinates{x=59.0, y=22}, creationDate=2024-06-14, price=444, type=BUDGETARY, venue=Venue{id=1, name='rnghikdhju', capacity=762, address=null}, author=gerunia}
добавлен успешно
2024-06-14 03:02:11,151 INFO ServerLogger [main] Получен запрос Request: command= lt.shgg.commands.Add@7b420819user=lt.shgg.data.User@97d643b3, ticket= Ticket{id=2, name='pusyboy', coordinates=Coordinates{x=381.0, y=183}, creationDate=2024-06-14, price=1938, type=CHEAP, venue=Venue{id=1, name='tgbvfredcmju', capacity=555, address=null}, author=gerunia}, args= null
2024-06-14 03:02:11,203 INFO ServerLogger [main] Отправлен ответ элемент
Ticket{id=26, name='pusyboy', coordinates=Coordinates{x=381.0, y=183}, creationDate=2024-06-14, price=1938, type=CHEAP, venue=Venue{id=1, name='tgbvfredcmju', capacity=555, address=null}, author=gerunia}
добавлен успешно
2024-06-14 03:03:46,171 INFO ServerLogger [main] Получен запрос Request: command= lt.shgg.commands.Add@a3d9978user=lt.shgg.data.User@97d643b3, ticket= Ticket{id=2, name='kokikoki', coordinates=Coordinates{x=33.0, y=77}, creationDate=2024-06-14, price=37, type=BUDGETARY, venue=Venue{id=1, name='54', capacity=45, address=null}, author=gerunia}, args= null
2024-06-14 03:03:46,227 INFO ServerLogger [main] Отправлен ответ элемент
Ticket{id=27, name='kokikoki', coordinates=Coordinates{x=33.0, y=77}, creationDate=2024-06-14, price=37, type=BUDGETARY, venue=Venue{id=1, name='54', capacity=45, address=null}, author=gerunia}
добавлен успешно
